# indx   nu_x, nu_y,  E(ryd)   eigenchan 
# [* marks the untrustworthy levels, due to 
# the sparse grid for high energy]
    1    1    1chan    0.1647753998E+01    0.1601424247E+00   -0.1239957730E+00                                  
    2    2    1chan    0.1790374872E+01    0.1553739075E+00   -0.6765373561E-01                                  
    3    3    1chan    0.1867004245E+01    0.1532954127E+00   -0.4257031860E-01                                  
    4    4    1chan    0.1911943642E+01    0.1522020456E+00   -0.2924255275E-01                                  
    5    5    1chan    0.1940240716E+01    0.1515558298E+00   -0.2132142174E-01                                  
    6    6    1chan    0.1959096852E+01    0.1511420949E+00   -0.1623256186E-01                                  
    7    7    1chan    0.1972244986E+01    0.1508612371E+00   -0.1277020854E-01                                  
    8    8    1chan    0.1981756776E+01    0.1506618407E+00   -0.1030827280E-01                                  
    9    1    2chan    0.1674091217E+01    0.1855212919E-01   -0.1124981963E+00                                  
   10    2    2chan    0.1803129137E+01    0.2397381036E-01   -0.6325597108E-01                                  
   11    3    2chan    0.1874019106E+01    0.2645018240E-01   -0.4042658490E-01                                  
   12    4    2chan    0.1916171115E+01    0.2778356022E-01   -0.2803683093E-01                                  
   13    5    2chan    0.1942969315E+01    0.2858281607E-01   -0.2057585330E-01                                  
   14    6    2chan    0.1960953966E+01    0.2909946945E-01   -0.1573929302E-01                                  
   15    7    2chan    0.1973563235E+01    0.2945262666E-01   -0.1242688021E-01                                  
   16    1    3chan    0.1672594457E+01    0.2698225515E-01   -0.1131370882E+00                                  
   17    2    3chan    0.1802701852E+01    0.2854878913E-01   -0.6340179254E-01                                  
   18    3    3chan    0.1873848949E+01    0.2962829225E-01   -0.4047829983E-01                                  
   19    4    3chan    0.1916093319E+01    0.3013769580E-01   -0.2805894719E-01                                  
   20    5    3chan    0.1942929189E+01    0.3043563650E-01   -0.2058679471E-01                                  
   21    6    3chan    0.1960931225E+01    0.3062634085E-01   -0.1574532466E-01                                  
   22    7    3chan    0.1973549352E+01    0.3075602242E-01   -0.1243049218E-01                                  
   23    1    4chan    0.1757526217E+01    0.4516758636E+00   -0.7942430609E-01                                  
